14/08/23 05:32:37
/home/pi/reginaldojunior/experimentos/dynamic-batch/results/covtypeNorm-AdaptiveRandomForestExecutorMAXChunk
14/08/23 05:34:59
14/08/23 05:34:59
/home/pi/reginaldojunior/experimentos/dynamic-batch/results/covtypeNorm-LBagExecutorMAXChunk
14/08/23 05:37:34
14/08/23 05:37:34
/home/pi/reginaldojunior/experimentos/dynamic-batch/results/covtypeNorm-StreamingRandomPatchesExecutorMAXChunk
14/08/23 05:40:52
14/08/23 05:40:52
/home/pi/reginaldojunior/experimentos/dynamic-batch/results/covtypeNorm-OzaBagAdwinExecutorMAXChunk
14/08/23 05:43:22
14/08/23 05:43:22
/home/pi/reginaldojunior/experimentos/dynamic-batch/results/covtypeNorm-OzaBagASHTExecutorMAXChunk
14/08/23 05:45:34
14/08/23 05:45:34
/home/pi/reginaldojunior/experimentos/dynamic-batch/results/covtypeNorm-OzaBagExecutorMAXChunk
14/08/23 05:47:43
14/08/23 05:47:43
/home/pi/reginaldojunior/experimentos/dynamic-batch/results/airlines-AdaptiveRandomForestExecutorMAXChunk
14/08/23 05:51:04
14/08/23 05:51:04
/home/pi/reginaldojunior/experimentos/dynamic-batch/results/airlines-LBagExecutorMAXChunk
14/08/23 05:53:27
14/08/23 05:53:27
/home/pi/reginaldojunior/experimentos/dynamic-batch/results/airlines-StreamingRandomPatchesExecutorMAXChunk
14/08/23 05:56:48
14/08/23 05:56:48
/home/pi/reginaldojunior/experimentos/dynamic-batch/results/airlines-OzaBagAdwinExecutorMAXChunk
14/08/23 06:01:36
14/08/23 06:01:36
/home/pi/reginaldojunior/experimentos/dynamic-batch/results/airlines-OzaBagASHTExecutorMAXChunk
14/08/23 06:04:58
14/08/23 06:04:58
/home/pi/reginaldojunior/experimentos/dynamic-batch/results/airlines-OzaBagExecutorMAXChunk
14/08/23 06:07:52
14/08/23 06:07:52
/home/pi/reginaldojunior/experimentos/dynamic-batch/results/elecNormNew-AdaptiveRandomForestExecutorMAXChunk
14/08/23 06:10:01
14/08/23 06:10:01
/home/pi/reginaldojunior/experimentos/dynamic-batch/results/elecNormNew-LBagExecutorMAXChunk
14/08/23 06:12:00
14/08/23 06:12:00
/home/pi/reginaldojunior/experimentos/dynamic-batch/results/elecNormNew-StreamingRandomPatchesExecutorMAXChunk
14/08/23 06:14:46
14/08/23 06:14:46
/home/pi/reginaldojunior/experimentos/dynamic-batch/results/elecNormNew-OzaBagAdwinExecutorMAXChunk
14/08/23 06:16:44
14/08/23 06:16:44
/home/pi/reginaldojunior/experimentos/dynamic-batch/results/elecNormNew-OzaBagASHTExecutorMAXChunk
14/08/23 06:18:42
14/08/23 06:18:42
/home/pi/reginaldojunior/experimentos/dynamic-batch/results/elecNormNew-OzaBagExecutorMAXChunk
14/08/23 06:20:44
14/08/23 06:20:45
/home/pi/reginaldojunior/experimentos/dynamic-batch/results/GMSC-AdaptiveRandomForestExecutorMAXChunk
14/08/23 06:23:27
14/08/23 06:23:27
/home/pi/reginaldojunior/experimentos/dynamic-batch/results/GMSC-LBagExecutorMAXChunk
14/08/23 06:26:05
14/08/23 06:26:05
/home/pi/reginaldojunior/experimentos/dynamic-batch/results/GMSC-StreamingRandomPatchesExecutorMAXChunk
14/08/23 06:29:23
14/08/23 06:29:23
/home/pi/reginaldojunior/experimentos/dynamic-batch/results/GMSC-OzaBagAdwinExecutorMAXChunk
14/08/23 06:31:32
14/08/23 06:31:32
/home/pi/reginaldojunior/experimentos/dynamic-batch/results/GMSC-OzaBagASHTExecutorMAXChunk
14/08/23 06:33:31
14/08/23 06:33:31
/home/pi/reginaldojunior/experimentos/dynamic-batch/results/GMSC-OzaBagExecutorMAXChunk
14/08/23 06:35:29
14/08/23 06:35:29
