21/08/23 04:12:02
/home/pi/reginaldojunior/experimentos/dynamic-batch/results/covtypeNorm-AdaptiveRandomForestExecutorMAXChunk
21/08/23 04:13:20
/home/pi/reginaldojunior/experimentos/dynamic-batch/results/covtypeNorm-AdaptiveRandomForestExecutorMAXChunk
21/08/23 04:14:04
21/08/23 04:14:04
/home/pi/reginaldojunior/experimentos/dynamic-batch/results/covtypeNorm-LBagExecutorMAXChunk
21/08/23 04:14:44
21/08/23 04:14:44
/home/pi/reginaldojunior/experimentos/dynamic-batch/results/covtypeNorm-StreamingRandomPatchesExecutorMAXChunk
21/08/23 04:15:38
21/08/23 04:15:38
/home/pi/reginaldojunior/experimentos/dynamic-batch/results/covtypeNorm-OzaBagAdwinExecutorMAXChunk
21/08/23 04:16:03
21/08/23 04:16:03
/home/pi/reginaldojunior/experimentos/dynamic-batch/results/covtypeNorm-OzaBagASHTExecutorMAXChunk
21/08/23 04:16:29
21/08/23 04:16:29
/home/pi/reginaldojunior/experimentos/dynamic-batch/results/covtypeNorm-OzaBagExecutorMAXChunk
21/08/23 04:16:53
21/08/23 04:16:53
/home/pi/reginaldojunior/experimentos/dynamic-batch/results/airlines-AdaptiveRandomForestExecutorMAXChunk
21/08/23 04:19:07
21/08/23 04:19:07
/home/pi/reginaldojunior/experimentos/dynamic-batch/results/airlines-StreamingRandomPatchesExecutorMAXChunk
21/08/23 04:21:19
21/08/23 04:21:19
/home/pi/reginaldojunior/experimentos/dynamic-batch/results/airlines-OzaBagAdwinExecutorMAXChunk
21/08/23 04:22:12
21/08/23 04:22:12
/home/pi/reginaldojunior/experimentos/dynamic-batch/results/airlines-OzaBagASHTExecutorMAXChunk
21/08/23 04:22:44
21/08/23 04:22:44
/home/pi/reginaldojunior/experimentos/dynamic-batch/results/airlines-OzaBagExecutorMAXChunk
21/08/23 04:23:13
21/08/23 04:23:14
/home/pi/reginaldojunior/experimentos/dynamic-batch/results/elecNormNew-AdaptiveRandomForestExecutorMAXChunk
21/08/23 04:23:48
21/08/23 04:23:48
/home/pi/reginaldojunior/experimentos/dynamic-batch/results/elecNormNew-StreamingRandomPatchesExecutorMAXChunk
21/08/23 04:24:26
21/08/23 04:24:26
/home/pi/reginaldojunior/experimentos/dynamic-batch/results/elecNormNew-OzaBagAdwinExecutorMAXChunk
21/08/23 04:24:50
21/08/23 04:24:51
/home/pi/reginaldojunior/experimentos/dynamic-batch/results/elecNormNew-OzaBagASHTExecutorMAXChunk
21/08/23 04:25:17
21/08/23 04:25:17
/home/pi/reginaldojunior/experimentos/dynamic-batch/results/elecNormNew-OzaBagExecutorMAXChunk
21/08/23 04:25:41
21/08/23 04:25:41
/home/pi/reginaldojunior/experimentos/dynamic-batch/results/GMSC-AdaptiveRandomForestExecutorMAXChunk
21/08/23 04:26:10
21/08/23 04:26:10
/home/pi/reginaldojunior/experimentos/dynamic-batch/results/GMSC-StreamingRandomPatchesExecutorMAXChunk
21/08/23 04:26:43
21/08/23 04:26:43
/home/pi/reginaldojunior/experimentos/dynamic-batch/results/GMSC-OzaBagAdwinExecutorMAXChunk
21/08/23 04:27:08
21/08/23 04:27:08
/home/pi/reginaldojunior/experimentos/dynamic-batch/results/GMSC-OzaBagASHTExecutorMAXChunk
21/08/23 04:27:32
21/08/23 04:27:32
/home/pi/reginaldojunior/experimentos/dynamic-batch/results/GMSC-OzaBagExecutorMAXChunk
21/08/23 04:27:57
21/08/23 04:27:57
