21/08/23 11:32:49
/home/pi/reginaldojunior/experimentos/dynamic-batch/results/covtypeNorm-AdaptiveRandomForestExecutorMAXChunk
21/08/23 11:33:26
21/08/23 11:33:26
/home/pi/reginaldojunior/experimentos/dynamic-batch/results/covtypeNorm-LBagExecutorMAXChunk
21/08/23 11:34:07
21/08/23 11:34:07
/home/pi/reginaldojunior/experimentos/dynamic-batch/results/covtypeNorm-StreamingRandomPatchesExecutorMAXChunk
21/08/23 11:34:41
21/08/23 11:34:41
/home/pi/reginaldojunior/experimentos/dynamic-batch/results/covtypeNorm-OzaBagAdwinExecutorMAXChunk
21/08/23 11:35:14
21/08/23 11:35:14
/home/pi/reginaldojunior/experimentos/dynamic-batch/results/covtypeNorm-OzaBagASHTExecutorMAXChunk
21/08/23 11:35:40
21/08/23 11:35:40
/home/pi/reginaldojunior/experimentos/dynamic-batch/results/covtypeNorm-OzaBagExecutorMAXChunk
21/08/23 11:36:06
21/08/23 11:36:06
/home/pi/reginaldojunior/experimentos/dynamic-batch/results/airlines-AdaptiveRandomForestExecutorMAXChunk
21/08/23 11:38:20
21/08/23 11:38:20
/home/pi/reginaldojunior/experimentos/dynamic-batch/results/airlines-StreamingRandomPatchesExecutorMAXChunk
21/08/23 11:40:36
21/08/23 11:40:36
/home/pi/reginaldojunior/experimentos/dynamic-batch/results/airlines-OzaBagAdwinExecutorMAXChunk
21/08/23 11:41:28
21/08/23 11:41:28
/home/pi/reginaldojunior/experimentos/dynamic-batch/results/airlines-OzaBagASHTExecutorMAXChunk
21/08/23 11:41:57
21/08/23 11:41:57
/home/pi/reginaldojunior/experimentos/dynamic-batch/results/airlines-OzaBagExecutorMAXChunk
21/08/23 11:42:27
21/08/23 11:42:27
/home/pi/reginaldojunior/experimentos/dynamic-batch/results/elecNormNew-AdaptiveRandomForestExecutorMAXChunk
21/08/23 11:43:00
21/08/23 11:43:00
/home/pi/reginaldojunior/experimentos/dynamic-batch/results/elecNormNew-StreamingRandomPatchesExecutorMAXChunk
21/08/23 11:43:33
21/08/23 11:43:33
/home/pi/reginaldojunior/experimentos/dynamic-batch/results/elecNormNew-OzaBagAdwinExecutorMAXChunk
21/08/23 11:43:57
21/08/23 11:43:57
/home/pi/reginaldojunior/experimentos/dynamic-batch/results/elecNormNew-OzaBagASHTExecutorMAXChunk
21/08/23 11:44:23
21/08/23 11:44:24
/home/pi/reginaldojunior/experimentos/dynamic-batch/results/elecNormNew-OzaBagExecutorMAXChunk
21/08/23 11:44:47
21/08/23 11:44:47
/home/pi/reginaldojunior/experimentos/dynamic-batch/results/GMSC-AdaptiveRandomForestExecutorMAXChunk
21/08/23 11:45:19
21/08/23 11:45:19
/home/pi/reginaldojunior/experimentos/dynamic-batch/results/GMSC-StreamingRandomPatchesExecutorMAXChunk
21/08/23 11:45:52
21/08/23 11:45:52
/home/pi/reginaldojunior/experimentos/dynamic-batch/results/GMSC-OzaBagAdwinExecutorMAXChunk
21/08/23 11:46:17
21/08/23 11:46:17
/home/pi/reginaldojunior/experimentos/dynamic-batch/results/GMSC-OzaBagASHTExecutorMAXChunk
21/08/23 11:46:41
21/08/23 11:46:41
/home/pi/reginaldojunior/experimentos/dynamic-batch/results/GMSC-OzaBagExecutorMAXChunk
21/08/23 11:47:04
21/08/23 11:47:04
