25/05/23 18:41:47
25/05/23 18:41:59
/Users/reginaldoluisdeluna/Documents/Ufscar/fuzzy-dynamic-batch/results/covtypeNorm-AdaptiveRandomForestExecutorMAXChunk
25/05/23 18:43:35
25/05/23 18:43:35
/Users/reginaldoluisdeluna/Documents/Ufscar/fuzzy-dynamic-batch/results/covtypeNorm-LBagExecutorMAXChunk
25/05/23 18:45:34
25/05/23 18:45:34
/Users/reginaldoluisdeluna/Documents/Ufscar/fuzzy-dynamic-batch/results/covtypeNorm-StreamingRandomPatchesExecutorMAXChunk
25/05/23 18:48:35
25/05/23 18:48:35
/Users/reginaldoluisdeluna/Documents/Ufscar/fuzzy-dynamic-batch/results/covtypeNorm-OzaBagAdwinExecutorMAXChunk
25/05/23 18:50:24
25/05/23 18:50:24
/Users/reginaldoluisdeluna/Documents/Ufscar/fuzzy-dynamic-batch/results/covtypeNorm-OzaBagASHTExecutorMAXChunk
25/05/23 18:51:38
25/05/23 18:51:38
/Users/reginaldoluisdeluna/Documents/Ufscar/fuzzy-dynamic-batch/results/covtypeNorm-OzaBagExecutorMAXChunk
25/05/23 18:52:52
25/05/23 18:52:52
