16/08/23 09:10:03
/home/pi/reginaldojunior/experimentos/dynamic-batch/results/airlines-LBagExecutorMAXChunk
16/08/23 09:12:44
/home/pi/reginaldojunior/experimentos/dynamic-batch/results/airlines-LBagExecutorMAXChunk
16/08/23 09:19:40
/home/pi/reginaldojunior/experimentos/dynamic-batch/results/airlines-LBagExecutorMAXChunk
16/08/23 09:21:27
/home/pi/reginaldojunior/experimentos/dynamic-batch/results/airlines-LBagExecutorMAXChunk
16/08/23 09:23:54
16/08/23 09:23:54
/home/pi/reginaldojunior/experimentos/dynamic-batch/results/airlines-StreamingRandomPatchesExecutorMAXChunk
16/08/23 09:24:21
/home/pi/reginaldojunior/experimentos/dynamic-batch/results/airlines-LBagExecutorMAXChunk
16/08/23 09:26:36
16/08/23 09:26:36
16/08/23 09:34:51
16/08/23 09:35:00
/home/pi/reginaldojunior/experimentos/dynamic-batch/results/airlines-LBagExecutorMAXChunk
16/08/23 09:42:37
/home/pi/reginaldojunior/experimentos/dynamic-batch/results/airlines-LBagExecutorMAXChunk
16/08/23 09:43:42
16/08/23 09:43:42
/home/pi/reginaldojunior/experimentos/dynamic-batch/results/airlines-StreamingRandomPatchesExecutorMAXChunk
16/08/23 09:44:41
16/08/23 09:44:47
/home/pi/reginaldojunior/experimentos/dynamic-batch/results/airlines-LBagExecutorMAXChunk
16/08/23 09:46:06
16/08/23 09:46:06
/home/pi/reginaldojunior/experimentos/dynamic-batch/results/airlines-StreamingRandomPatchesExecutorMAXChunk
16/08/23 09:55:15
/home/pi/reginaldojunior/experimentos/dynamic-batch/results/covtypeNorm-AdaptiveRandomForestExecutorMAXChunk
16/08/23 09:57:28
16/08/23 09:57:28
/home/pi/reginaldojunior/experimentos/dynamic-batch/results/covtypeNorm-LBagExecutorMAXChunk
16/08/23 09:59:41
16/08/23 09:59:41
/home/pi/reginaldojunior/experimentos/dynamic-batch/results/covtypeNorm-StreamingRandomPatchesExecutorMAXChunk
16/08/23 10:01:55
16/08/23 10:01:55
/home/pi/reginaldojunior/experimentos/dynamic-batch/results/covtypeNorm-OzaBagAdwinExecutorMAXChunk
16/08/23 10:04:09
16/08/23 10:04:09
/home/pi/reginaldojunior/experimentos/dynamic-batch/results/covtypeNorm-OzaBagASHTExecutorMAXChunk
16/08/23 10:06:23
16/08/23 10:06:23
/home/pi/reginaldojunior/experimentos/dynamic-batch/results/covtypeNorm-OzaBagExecutorMAXChunk
16/08/23 10:08:36
16/08/23 10:08:36
/home/pi/reginaldojunior/experimentos/dynamic-batch/results/airlines-AdaptiveRandomForestExecutorMAXChunk
16/08/23 10:10:52
16/08/23 10:10:52
/home/pi/reginaldojunior/experimentos/dynamic-batch/results/airlines-StreamingRandomPatchesExecutorMAXChunk
16/08/23 10:13:09
16/08/23 10:13:09
/home/pi/reginaldojunior/experimentos/dynamic-batch/results/airlines-OzaBagAdwinExecutorMAXChunk
16/08/23 10:15:23
16/08/23 10:15:23
/home/pi/reginaldojunior/experimentos/dynamic-batch/results/airlines-OzaBagASHTExecutorMAXChunk
16/08/23 10:17:37
16/08/23 10:17:37
/home/pi/reginaldojunior/experimentos/dynamic-batch/results/airlines-OzaBagExecutorMAXChunk
16/08/23 10:19:50
16/08/23 10:19:50
/home/pi/reginaldojunior/experimentos/dynamic-batch/results/elecNormNew-AdaptiveRandomForestExecutorMAXChunk
16/08/23 10:22:03
16/08/23 10:22:03
/home/pi/reginaldojunior/experimentos/dynamic-batch/results/elecNormNew-StreamingRandomPatchesExecutorMAXChunk
16/08/23 10:24:15
16/08/23 10:24:15
/home/pi/reginaldojunior/experimentos/dynamic-batch/results/elecNormNew-OzaBagAdwinExecutorMAXChunk
16/08/23 10:26:29
16/08/23 10:26:29
/home/pi/reginaldojunior/experimentos/dynamic-batch/results/elecNormNew-OzaBagASHTExecutorMAXChunk
16/08/23 10:28:42
16/08/23 10:28:43
/home/pi/reginaldojunior/experimentos/dynamic-batch/results/elecNormNew-OzaBagExecutorMAXChunk
16/08/23 10:30:56
16/08/23 10:30:56
/home/pi/reginaldojunior/experimentos/dynamic-batch/results/GMSC-AdaptiveRandomForestExecutorMAXChunk
16/08/23 10:33:09
16/08/23 10:33:09
/home/pi/reginaldojunior/experimentos/dynamic-batch/results/GMSC-StreamingRandomPatchesExecutorMAXChunk
16/08/23 10:35:21
16/08/23 10:35:22
/home/pi/reginaldojunior/experimentos/dynamic-batch/results/GMSC-OzaBagAdwinExecutorMAXChunk
16/08/23 10:37:35
16/08/23 10:37:35
/home/pi/reginaldojunior/experimentos/dynamic-batch/results/GMSC-OzaBagASHTExecutorMAXChunk
16/08/23 10:39:49
16/08/23 10:39:49
/home/pi/reginaldojunior/experimentos/dynamic-batch/results/GMSC-OzaBagExecutorMAXChunk
16/08/23 10:42:03
16/08/23 10:42:03
