28/08/23 08:22:06
/home/pi/reginaldojunior/experimentos/dynamic-batch/results/covtypeNorm-AdaptiveRandomForestExecutorMAXChunk
28/08/23 08:24:22
28/08/23 08:24:22
/home/pi/reginaldojunior/experimentos/dynamic-batch/results/covtypeNorm-LBagExecutorMAXChunk
28/08/23 08:26:35
28/08/23 08:26:36
/home/pi/reginaldojunior/experimentos/dynamic-batch/results/covtypeNorm-StreamingRandomPatchesExecutorMAXChunk
28/08/23 08:28:49
28/08/23 08:28:49
/home/pi/reginaldojunior/experimentos/dynamic-batch/results/covtypeNorm-OzaBagAdwinExecutorMAXChunk
28/08/23 08:31:03
28/08/23 08:31:03
/home/pi/reginaldojunior/experimentos/dynamic-batch/results/covtypeNorm-OzaBagASHTExecutorMAXChunk
28/08/23 08:33:17
28/08/23 08:33:17
/home/pi/reginaldojunior/experimentos/dynamic-batch/results/covtypeNorm-OzaBagExecutorMAXChunk
28/08/23 08:35:30
28/08/23 08:35:30
/home/pi/reginaldojunior/experimentos/dynamic-batch/results/airlines-AdaptiveRandomForestExecutorMAXChunk
28/08/23 08:37:44
28/08/23 08:37:44
/home/pi/reginaldojunior/experimentos/dynamic-batch/results/airlines-StreamingRandomPatchesExecutorMAXChunk
28/08/23 08:39:57
28/08/23 08:39:57
/home/pi/reginaldojunior/experimentos/dynamic-batch/results/airlines-OzaBagAdwinExecutorMAXChunk
28/08/23 08:41:19
28/08/23 08:41:19
/home/pi/reginaldojunior/experimentos/dynamic-batch/results/airlines-OzaBagASHTExecutorMAXChunk
28/08/23 08:43:33
28/08/23 08:43:33
/home/pi/reginaldojunior/experimentos/dynamic-batch/results/airlines-OzaBagExecutorMAXChunk
28/08/23 08:45:47
28/08/23 08:45:47
/home/pi/reginaldojunior/experimentos/dynamic-batch/results/elecNormNew-AdaptiveRandomForestExecutorMAXChunk
28/08/23 08:47:59
28/08/23 08:47:59
/home/pi/reginaldojunior/experimentos/dynamic-batch/results/elecNormNew-StreamingRandomPatchesExecutorMAXChunk
28/08/23 08:50:12
28/08/23 08:50:12
/home/pi/reginaldojunior/experimentos/dynamic-batch/results/elecNormNew-OzaBagAdwinExecutorMAXChunk
28/08/23 08:52:25
28/08/23 08:52:25
/home/pi/reginaldojunior/experimentos/dynamic-batch/results/elecNormNew-OzaBagASHTExecutorMAXChunk
28/08/23 08:54:39
28/08/23 08:54:39
/home/pi/reginaldojunior/experimentos/dynamic-batch/results/elecNormNew-OzaBagExecutorMAXChunk
28/08/23 08:56:53
28/08/23 08:56:53
/home/pi/reginaldojunior/experimentos/dynamic-batch/results/GMSC-AdaptiveRandomForestExecutorMAXChunk
28/08/23 08:59:05
28/08/23 08:59:05
/home/pi/reginaldojunior/experimentos/dynamic-batch/results/GMSC-StreamingRandomPatchesExecutorMAXChunk
28/08/23 09:01:17
28/08/23 09:01:17
/home/pi/reginaldojunior/experimentos/dynamic-batch/results/GMSC-OzaBagAdwinExecutorMAXChunk
28/08/23 09:03:31
28/08/23 09:03:31
/home/pi/reginaldojunior/experimentos/dynamic-batch/results/GMSC-OzaBagASHTExecutorMAXChunk
28/08/23 09:05:45
28/08/23 09:05:45
/home/pi/reginaldojunior/experimentos/dynamic-batch/results/GMSC-OzaBagExecutorMAXChunk
28/08/23 09:07:58
28/08/23 09:07:58
